info: Mar-08-2022 14:18:55: 	------------------------------------------------------------------
info: Mar-08-2022 14:18:55: 	 create table kaar.temp1(visited_at DATETIME)
info: Mar-08-2022 14:18:55: 	{"fieldCount":0,"affectedRows":0,"insertId":0,"serverStatus":2,"warningCount":0,"message":"","protocol41":true,"changedRows":0}
info: Mar-08-2022 14:18:55: 	------------------------------------------------------------------
info: Mar-08-2022 14:19:12: 	------------------------------------------------------------------
info: Mar-08-2022 14:19:12: 	drop table kaar.temp1
info: Mar-08-2022 14:19:12: 	{"fieldCount":0,"affectedRows":0,"insertId":0,"serverStatus":2,"warningCount":0,"message":"","protocol41":true,"changedRows":0}
info: Mar-08-2022 14:19:12: 	------------------------------------------------------------------
info: Mar-08-2022 14:19:12: 	------------------------------------------------------------------
info: Mar-08-2022 14:19:12: 	drop table ktglobal.temp1
info: Mar-08-2022 14:19:12: 	{"fieldCount":0,"affectedRows":0,"insertId":0,"serverStatus":2,"warningCount":0,"message":"","protocol41":true,"changedRows":0}
info: Mar-08-2022 14:19:12: 	------------------------------------------------------------------
info: Mar-08-2022 14:19:13: 	------------------------------------------------------------------
info: Mar-08-2022 14:19:13: 	drop table congruent_qual.temp1
info: Mar-08-2022 14:19:13: 	{"fieldCount":0,"affectedRows":0,"insertId":0,"serverStatus":2,"warningCount":0,"message":"","protocol41":true,"changedRows":0}
info: Mar-08-2022 14:19:13: 	------------------------------------------------------------------
info: Mar-08-2022 14:19:13: 	------------------------------------------------------------------
info: Mar-08-2022 14:19:13: 	drop table congruent.temp1
info: Mar-08-2022 14:19:13: 	{"fieldCount":0,"affectedRows":0,"insertId":0,"serverStatus":2,"warningCount":0,"message":"","protocol41":true,"changedRows":0}
info: Mar-08-2022 14:19:13: 	------------------------------------------------------------------
info: Mar-08-2022 14:19:14: 	------------------------------------------------------------------
info: Mar-08-2022 14:19:14: 	drop table congruentqual_preprd.temp1
info: Mar-08-2022 14:19:14: 	{"fieldCount":0,"affectedRows":0,"insertId":0,"serverStatus":2,"warningCount":0,"message":"","protocol41":true,"changedRows":0}
info: Mar-08-2022 14:19:14: 	------------------------------------------------------------------
info: Mar-08-2022 14:19:14: 	------------------------------------------------------------------
info: Mar-08-2022 14:20:35: 	------------------------------------------------------------------
info: Mar-08-2022 14:20:35: 	 create table kaar.temp1(visited_at DATETIME)
info: Mar-08-2022 14:20:35: 	{"fieldCount":0,"affectedRows":0,"insertId":0,"serverStatus":2,"warningCount":0,"message":"","protocol41":true,"changedRows":0}
info: Mar-08-2022 14:20:35: 	------------------------------------------------------------------
info: Mar-08-2022 14:20:35: 	------------------------------------------------------------------
info: Mar-08-2022 14:20:35: 	 create table ktglobal.temp1(visited_at DATETIME)
info: Mar-08-2022 14:20:35: 	{"fieldCount":0,"affectedRows":0,"insertId":0,"serverStatus":2,"warningCount":0,"message":"","protocol41":true,"changedRows":0}
info: Mar-08-2022 14:20:35: 	------------------------------------------------------------------
info: Mar-08-2022 14:20:36: 	------------------------------------------------------------------
info: Mar-08-2022 14:20:36: 	 create table congruent_qual.temp1(visited_at DATETIME)
info: Mar-08-2022 14:20:36: 	{"fieldCount":0,"affectedRows":0,"insertId":0,"serverStatus":2,"warningCount":0,"message":"","protocol41":true,"changedRows":0}
info: Mar-08-2022 14:20:36: 	------------------------------------------------------------------
info: Mar-08-2022 14:20:37: 	------------------------------------------------------------------
info: Mar-08-2022 14:20:37: 	 create table congruent.temp1(visited_at DATETIME)
info: Mar-08-2022 14:20:37: 	{"fieldCount":0,"affectedRows":0,"insertId":0,"serverStatus":2,"warningCount":0,"message":"","protocol41":true,"changedRows":0}
info: Mar-08-2022 14:20:37: 	------------------------------------------------------------------
info: Mar-08-2022 14:20:37: 	------------------------------------------------------------------
info: Mar-08-2022 14:20:37: 	 create table congruentqual_preprd.temp1(visited_at DATETIME)
info: Mar-08-2022 14:20:37: 	{"fieldCount":0,"affectedRows":0,"insertId":0,"serverStatus":2,"warningCount":0,"message":"","protocol41":true,"changedRows":0}
info: Mar-08-2022 14:20:37: 	------------------------------------------------------------------
info: Mar-08-2022 14:20:38: 	------------------------------------------------------------------
info: Mar-08-2022 14:20:38: 	 create table decision_minds_demo.temp1(visited_at DATETIME)
info: Mar-08-2022 14:20:38: 	{"fieldCount":0,"affectedRows":0,"insertId":0,"serverStatus":2,"warningCount":0,"message":"","protocol41":true,"changedRows":0}
info: Mar-08-2022 14:20:38: 	------------------------------------------------------------------
info: Mar-08-2022 14:21:11: 	------------------------------------------------------------------
info: Mar-08-2022 14:21:11: 	drop table kaar.temp1
info: Mar-08-2022 14:21:11: 	{"fieldCount":0,"affectedRows":0,"insertId":0,"serverStatus":2,"warningCount":0,"message":"","protocol41":true,"changedRows":0}
info: Mar-08-2022 14:21:11: 	------------------------------------------------------------------
info: Mar-08-2022 14:21:11: 	------------------------------------------------------------------
info: Mar-08-2022 14:21:11: 	drop table ktglobal.temp1
info: Mar-08-2022 14:21:11: 	{"fieldCount":0,"affectedRows":0,"insertId":0,"serverStatus":2,"warningCount":0,"message":"","protocol41":true,"changedRows":0}
info: Mar-08-2022 14:21:11: 	------------------------------------------------------------------
info: Mar-08-2022 14:21:12: 	------------------------------------------------------------------
info: Mar-08-2022 14:21:12: 	drop table congruent_qual.temp1
info: Mar-08-2022 14:21:12: 	{"fieldCount":0,"affectedRows":0,"insertId":0,"serverStatus":2,"warningCount":0,"message":"","protocol41":true,"changedRows":0}
info: Mar-08-2022 14:21:12: 	------------------------------------------------------------------
info: Mar-08-2022 14:21:12: 	------------------------------------------------------------------
info: Mar-08-2022 14:21:12: 	drop table congruent.temp1
info: Mar-08-2022 14:21:12: 	{"fieldCount":0,"affectedRows":0,"insertId":0,"serverStatus":2,"warningCount":0,"message":"","protocol41":true,"changedRows":0}
info: Mar-08-2022 14:21:12: 	------------------------------------------------------------------
info: Mar-08-2022 14:21:13: 	------------------------------------------------------------------
info: Mar-08-2022 14:21:13: 	drop table congruentqual_preprd.temp1
info: Mar-08-2022 14:21:13: 	{"fieldCount":0,"affectedRows":0,"insertId":0,"serverStatus":2,"warningCount":0,"message":"","protocol41":true,"changedRows":0}
info: Mar-08-2022 14:21:13: 	------------------------------------------------------------------
info: Mar-08-2022 14:21:14: 	------------------------------------------------------------------
info: Mar-08-2022 14:21:14: 	drop table decision_minds_demo.temp1
info: Mar-08-2022 14:21:14: 	{"fieldCount":0,"affectedRows":0,"insertId":0,"serverStatus":2,"warningCount":0,"message":"","protocol41":true,"changedRows":0}
info: Mar-08-2022 14:21:14: 	------------------------------------------------------------------
info: Mar-08-2022 14:24:38: 	------------------------------------------------------------------
info: Mar-08-2022 14:24:38: 	 create table kaar.temp1(visited_at DATETIME)
info: Mar-08-2022 14:24:38: 	{"fieldCount":0,"affectedRows":0,"insertId":0,"serverStatus":2,"warningCount":0,"message":"","protocol41":true,"changedRows":0}
info: Mar-08-2022 14:24:38: 	------------------------------------------------------------------
info: Mar-08-2022 14:24:39: 	------------------------------------------------------------------
info: Mar-08-2022 14:24:39: 	 create table ktglobal.temp1(visited_at DATETIME)
info: Mar-08-2022 14:24:39: 	{"fieldCount":0,"affectedRows":0,"insertId":0,"serverStatus":2,"warningCount":0,"message":"","protocol41":true,"changedRows":0}
info: Mar-08-2022 14:24:39: 	------------------------------------------------------------------
info: Mar-08-2022 14:24:39: 	------------------------------------------------------------------
info: Mar-08-2022 14:24:39: 	 create table congruent_qual.temp1(visited_at DATETIME)
info: Mar-08-2022 14:24:39: 	{"fieldCount":0,"affectedRows":0,"insertId":0,"serverStatus":2,"warningCount":0,"message":"","protocol41":true,"changedRows":0}
info: Mar-08-2022 14:24:39: 	------------------------------------------------------------------
info: Mar-08-2022 14:24:40: 	------------------------------------------------------------------
info: Mar-08-2022 14:24:40: 	 create table congruent.temp1(visited_at DATETIME)
info: Mar-08-2022 14:24:40: 	{"fieldCount":0,"affectedRows":0,"insertId":0,"serverStatus":2,"warningCount":0,"message":"","protocol41":true,"changedRows":0}
info: Mar-08-2022 14:24:40: 	------------------------------------------------------------------
info: Mar-08-2022 14:24:41: 	------------------------------------------------------------------
info: Mar-08-2022 14:24:41: 	 create table congruentqual_preprd.temp1(visited_at DATETIME)
info: Mar-08-2022 14:24:41: 	{"fieldCount":0,"affectedRows":0,"insertId":0,"serverStatus":2,"warningCount":0,"message":"","protocol41":true,"changedRows":0}
info: Mar-08-2022 14:24:41: 	------------------------------------------------------------------
info: Mar-08-2022 14:24:41: 	------------------------------------------------------------------
info: Mar-08-2022 14:24:41: 	 create table decision_minds_demo.temp1(visited_at DATETIME)
info: Mar-08-2022 14:24:41: 	{"fieldCount":0,"affectedRows":0,"insertId":0,"serverStatus":2,"warningCount":0,"message":"","protocol41":true,"changedRows":0}
info: Mar-08-2022 14:24:41: 	------------------------------------------------------------------
info: Mar-08-2022 14:24:57: 	------------------------------------------------------------------
info: Mar-08-2022 14:24:57: 	drop table kaar.temp1
info: Mar-08-2022 14:24:57: 	{"fieldCount":0,"affectedRows":0,"insertId":0,"serverStatus":2,"warningCount":0,"message":"","protocol41":true,"changedRows":0}
info: Mar-08-2022 14:24:57: 	------------------------------------------------------------------
info: Mar-08-2022 14:24:58: 	------------------------------------------------------------------
info: Mar-08-2022 14:24:58: 	drop table ktglobal.temp1
info: Mar-08-2022 14:24:58: 	{"fieldCount":0,"affectedRows":0,"insertId":0,"serverStatus":2,"warningCount":0,"message":"","protocol41":true,"changedRows":0}
info: Mar-08-2022 14:24:58: 	------------------------------------------------------------------
info: Mar-08-2022 14:24:58: 	------------------------------------------------------------------
info: Mar-08-2022 14:24:58: 	drop table congruent_qual.temp1
info: Mar-08-2022 14:24:58: 	{"fieldCount":0,"affectedRows":0,"insertId":0,"serverStatus":2,"warningCount":0,"message":"","protocol41":true,"changedRows":0}
info: Mar-08-2022 14:24:58: 	------------------------------------------------------------------
info: Mar-08-2022 14:24:59: 	------------------------------------------------------------------
info: Mar-08-2022 14:24:59: 	drop table congruent.temp1
info: Mar-08-2022 14:24:59: 	{"fieldCount":0,"affectedRows":0,"insertId":0,"serverStatus":2,"warningCount":0,"message":"","protocol41":true,"changedRows":0}
info: Mar-08-2022 14:24:59: 	------------------------------------------------------------------
info: Mar-08-2022 14:24:59: 	------------------------------------------------------------------
info: Mar-08-2022 14:24:59: 	drop table congruentqual_preprd.temp1
info: Mar-08-2022 14:24:59: 	{"fieldCount":0,"affectedRows":0,"insertId":0,"serverStatus":2,"warningCount":0,"message":"","protocol41":true,"changedRows":0}
info: Mar-08-2022 14:24:59: 	------------------------------------------------------------------
info: Mar-08-2022 14:25:00: 	------------------------------------------------------------------
info: Mar-08-2022 14:25:00: 	drop table decision_minds_demo.temp1
info: Mar-08-2022 14:25:00: 	{"fieldCount":0,"affectedRows":0,"insertId":0,"serverStatus":2,"warningCount":0,"message":"","protocol41":true,"changedRows":0}
info: Mar-08-2022 14:25:00: 	------------------------------------------------------------------
info: Mar-08-2022 15:31:12: 	------------------------------------------------------------------
info: Mar-08-2022 15:31:12: 	create table kaar.temp1(visited_at DATETIME)
info: Mar-08-2022 15:31:12: 	{"fieldCount":0,"affectedRows":0,"insertId":0,"serverStatus":2,"warningCount":0,"message":"","protocol41":true,"changedRows":0}
info: Mar-08-2022 15:31:12: 	------------------------------------------------------------------
info: Mar-08-2022 15:31:12: 	------------------------------------------------------------------
info: Mar-08-2022 15:31:12: 	create table ktglobal.temp1(visited_at DATETIME)
info: Mar-08-2022 15:31:12: 	{"fieldCount":0,"affectedRows":0,"insertId":0,"serverStatus":2,"warningCount":0,"message":"","protocol41":true,"changedRows":0}
info: Mar-08-2022 15:31:12: 	------------------------------------------------------------------
info: Mar-08-2022 15:31:13: 	------------------------------------------------------------------
info: Mar-08-2022 15:31:13: 	create table congruent_qual.temp1(visited_at DATETIME)
info: Mar-08-2022 15:31:13: 	{"fieldCount":0,"affectedRows":0,"insertId":0,"serverStatus":2,"warningCount":0,"message":"","protocol41":true,"changedRows":0}
info: Mar-08-2022 15:31:13: 	------------------------------------------------------------------
info: Mar-08-2022 15:31:14: 	------------------------------------------------------------------
info: Mar-08-2022 15:31:14: 	create table congruent.temp1(visited_at DATETIME)
info: Mar-08-2022 15:31:14: 	{"fieldCount":0,"affectedRows":0,"insertId":0,"serverStatus":2,"warningCount":0,"message":"","protocol41":true,"changedRows":0}
info: Mar-08-2022 15:31:14: 	------------------------------------------------------------------
info: Mar-08-2022 15:31:14: 	------------------------------------------------------------------
info: Mar-08-2022 15:31:14: 	create table congruentqual_preprd.temp1(visited_at DATETIME)
info: Mar-08-2022 15:31:14: 	{"fieldCount":0,"affectedRows":0,"insertId":0,"serverStatus":2,"warningCount":0,"message":"","protocol41":true,"changedRows":0}
info: Mar-08-2022 15:31:14: 	------------------------------------------------------------------
info: Mar-08-2022 15:31:15: 	------------------------------------------------------------------
info: Mar-08-2022 15:31:15: 	create table decision_minds_demo.temp1(visited_at DATETIME)
info: Mar-08-2022 15:31:15: 	{"fieldCount":0,"affectedRows":0,"insertId":0,"serverStatus":2,"warningCount":0,"message":"","protocol41":true,"changedRows":0}
info: Mar-08-2022 15:31:15: 	------------------------------------------------------------------
info: Mar-08-2022 15:31:41: 	------------------------------------------------------------------
info: Mar-08-2022 15:31:41: 	drop table kaar.temp1
info: Mar-08-2022 15:31:41: 	{"fieldCount":0,"affectedRows":0,"insertId":0,"serverStatus":2,"warningCount":0,"message":"","protocol41":true,"changedRows":0}
info: Mar-08-2022 15:31:41: 	------------------------------------------------------------------
info: Mar-08-2022 15:31:41: 	------------------------------------------------------------------
info: Mar-08-2022 15:31:41: 	drop table ktglobal.temp1
info: Mar-08-2022 15:31:41: 	{"fieldCount":0,"affectedRows":0,"insertId":0,"serverStatus":2,"warningCount":0,"message":"","protocol41":true,"changedRows":0}
info: Mar-08-2022 15:31:41: 	------------------------------------------------------------------
info: Mar-08-2022 15:31:43: 	------------------------------------------------------------------
info: Mar-08-2022 15:31:43: 	drop table congruent_qual.temp1
info: Mar-08-2022 15:31:43: 	{"fieldCount":0,"affectedRows":0,"insertId":0,"serverStatus":2,"warningCount":0,"message":"","protocol41":true,"changedRows":0}
info: Mar-08-2022 15:31:43: 	------------------------------------------------------------------
info: Mar-08-2022 15:31:43: 	------------------------------------------------------------------
info: Mar-08-2022 15:31:43: 	drop table congruent.temp1
info: Mar-08-2022 15:31:43: 	{"fieldCount":0,"affectedRows":0,"insertId":0,"serverStatus":2,"warningCount":0,"message":"","protocol41":true,"changedRows":0}
info: Mar-08-2022 15:31:43: 	------------------------------------------------------------------
info: Mar-08-2022 15:31:44: 	------------------------------------------------------------------
info: Mar-08-2022 15:31:44: 	drop table congruentqual_preprd.temp1
info: Mar-08-2022 15:31:44: 	{"fieldCount":0,"affectedRows":0,"insertId":0,"serverStatus":2,"warningCount":0,"message":"","protocol41":true,"changedRows":0}
info: Mar-08-2022 15:31:44: 	------------------------------------------------------------------
info: Mar-08-2022 15:31:45: 	------------------------------------------------------------------
info: Mar-08-2022 15:31:45: 	drop table decision_minds_demo.temp1
info: Mar-08-2022 15:31:45: 	{"fieldCount":0,"affectedRows":0,"insertId":0,"serverStatus":2,"warningCount":0,"message":"","protocol41":true,"changedRows":0}
info: Mar-08-2022 15:31:45: 	------------------------------------------------------------------
info: Mar-08-2022 15:36:52: 	------------------------------------------------------------------
info: Mar-08-2022 15:37:37: 	------------------------------------------------------------------
info: Mar-08-2022 15:37:37: 	drop table kaar.temp1
info: Mar-08-2022 15:37:37: 	{"fieldCount":0,"affectedRows":0,"insertId":0,"serverStatus":2,"warningCount":0,"message":"","protocol41":true,"changedRows":0}
info: Mar-08-2022 15:37:37: 	------------------------------------------------------------------
info: Mar-08-2022 15:38:02: 	------------------------------------------------------------------
info: Mar-08-2022 15:38:02: 	create table kaar.temp1(visited_at DATETIME)
info: Mar-08-2022 15:38:02: 	{"fieldCount":0,"affectedRows":0,"insertId":0,"serverStatus":2,"warningCount":0,"message":"","protocol41":true,"changedRows":0}
info: Mar-08-2022 15:38:02: 	------------------------------------------------------------------
info: Mar-08-2022 15:38:03: 	------------------------------------------------------------------
info: Mar-08-2022 15:38:03: 	create table ktglobal.temp1(visited_at DATETIME)
info: Mar-08-2022 15:38:03: 	{"fieldCount":0,"affectedRows":0,"insertId":0,"serverStatus":2,"warningCount":0,"message":"","protocol41":true,"changedRows":0}
info: Mar-08-2022 15:38:03: 	------------------------------------------------------------------
info: Mar-08-2022 15:38:03: 	------------------------------------------------------------------
info: Mar-08-2022 15:38:03: 	create table congruent_qual.temp1(visited_at DATETIME)
info: Mar-08-2022 15:38:03: 	{"fieldCount":0,"affectedRows":0,"insertId":0,"serverStatus":2,"warningCount":0,"message":"","protocol41":true,"changedRows":0}
info: Mar-08-2022 15:38:03: 	------------------------------------------------------------------
info: Mar-08-2022 15:38:04: 	------------------------------------------------------------------
info: Mar-08-2022 15:38:04: 	create table congruent.temp1(visited_at DATETIME)
info: Mar-08-2022 15:38:04: 	{"fieldCount":0,"affectedRows":0,"insertId":0,"serverStatus":2,"warningCount":0,"message":"","protocol41":true,"changedRows":0}
info: Mar-08-2022 15:38:04: 	------------------------------------------------------------------
info: Mar-08-2022 15:38:05: 	------------------------------------------------------------------
info: Mar-08-2022 15:38:05: 	create table congruentqual_preprd.temp1(visited_at DATETIME)
info: Mar-08-2022 15:38:05: 	{"fieldCount":0,"affectedRows":0,"insertId":0,"serverStatus":2,"warningCount":0,"message":"","protocol41":true,"changedRows":0}
info: Mar-08-2022 15:38:05: 	------------------------------------------------------------------
info: Mar-08-2022 15:38:05: 	------------------------------------------------------------------
info: Mar-08-2022 15:38:05: 	create table decision_minds_demo.temp1(visited_at DATETIME)
info: Mar-08-2022 15:38:05: 	{"fieldCount":0,"affectedRows":0,"insertId":0,"serverStatus":2,"warningCount":0,"message":"","protocol41":true,"changedRows":0}
info: Mar-08-2022 15:38:05: 	------------------------------------------------------------------
info: Mar-08-2022 15:38:58: 	------------------------------------------------------------------
info: Mar-08-2022 15:38:58: 	drop table kaar.temp1
info: Mar-08-2022 15:38:58: 	{"fieldCount":0,"affectedRows":0,"insertId":0,"serverStatus":2,"warningCount":0,"message":"","protocol41":true,"changedRows":0}
info: Mar-08-2022 15:38:58: 	------------------------------------------------------------------
info: Mar-08-2022 15:38:59: 	------------------------------------------------------------------
info: Mar-08-2022 15:38:59: 	drop table ktglobal.temp1
info: Mar-08-2022 15:38:59: 	{"fieldCount":0,"affectedRows":0,"insertId":0,"serverStatus":2,"warningCount":0,"message":"","protocol41":true,"changedRows":0}
info: Mar-08-2022 15:38:59: 	------------------------------------------------------------------
info: Mar-08-2022 15:39:00: 	------------------------------------------------------------------
info: Mar-08-2022 15:39:00: 	drop table congruent_qual.temp1
info: Mar-08-2022 15:39:00: 	{"fieldCount":0,"affectedRows":0,"insertId":0,"serverStatus":2,"warningCount":0,"message":"","protocol41":true,"changedRows":0}
info: Mar-08-2022 15:39:00: 	------------------------------------------------------------------
info: Mar-08-2022 15:39:00: 	------------------------------------------------------------------
info: Mar-08-2022 15:39:00: 	drop table congruent.temp1
info: Mar-08-2022 15:39:00: 	{"fieldCount":0,"affectedRows":0,"insertId":0,"serverStatus":2,"warningCount":0,"message":"","protocol41":true,"changedRows":0}
info: Mar-08-2022 15:39:00: 	------------------------------------------------------------------
info: Mar-08-2022 15:39:01: 	------------------------------------------------------------------
info: Mar-08-2022 15:39:01: 	drop table congruentqual_preprd.temp1
info: Mar-08-2022 15:39:01: 	{"fieldCount":0,"affectedRows":0,"insertId":0,"serverStatus":2,"warningCount":0,"message":"","protocol41":true,"changedRows":0}
info: Mar-08-2022 15:39:01: 	------------------------------------------------------------------
info: Mar-08-2022 15:39:02: 	------------------------------------------------------------------
info: Mar-08-2022 15:39:02: 	drop table decision_minds_demo.temp1
info: Mar-08-2022 15:39:02: 	{"fieldCount":0,"affectedRows":0,"insertId":0,"serverStatus":2,"warningCount":0,"message":"","protocol41":true,"changedRows":0}
info: Mar-08-2022 15:39:02: 	------------------------------------------------------------------
info: Mar-08-2022 15:48:23: 	------------------------------------------------------------------
info: Mar-08-2022 15:48:23: 	create table kaar.temp1(visited_at DATETIME)
info: Mar-08-2022 15:48:23: 	{"fieldCount":0,"affectedRows":0,"insertId":0,"serverStatus":2,"warningCount":0,"message":"","protocol41":true,"changedRows":0}
info: Mar-08-2022 15:48:23: 	------------------------------------------------------------------
info: Mar-08-2022 15:48:23: 	------------------------------------------------------------------
info: Mar-08-2022 15:48:23: 	create table ktglobal.temp1(visited_at DATETIME)
info: Mar-08-2022 15:48:23: 	{"fieldCount":0,"affectedRows":0,"insertId":0,"serverStatus":2,"warningCount":0,"message":"","protocol41":true,"changedRows":0}
info: Mar-08-2022 15:48:23: 	------------------------------------------------------------------
info: Mar-08-2022 15:48:24: 	------------------------------------------------------------------
info: Mar-08-2022 15:48:24: 	create table congruent_qual.temp1(visited_at DATETIME)
info: Mar-08-2022 15:48:24: 	{"fieldCount":0,"affectedRows":0,"insertId":0,"serverStatus":2,"warningCount":0,"message":"","protocol41":true,"changedRows":0}
info: Mar-08-2022 15:48:24: 	------------------------------------------------------------------
info: Mar-08-2022 15:48:25: 	------------------------------------------------------------------
info: Mar-08-2022 15:48:25: 	create table congruent.temp1(visited_at DATETIME)
info: Mar-08-2022 15:48:25: 	{"fieldCount":0,"affectedRows":0,"insertId":0,"serverStatus":2,"warningCount":0,"message":"","protocol41":true,"changedRows":0}
info: Mar-08-2022 15:48:25: 	------------------------------------------------------------------
info: Mar-08-2022 15:48:25: 	------------------------------------------------------------------
info: Mar-08-2022 15:48:25: 	create table congruentqual_preprd.temp1(visited_at DATETIME)
info: Mar-08-2022 15:48:25: 	{"fieldCount":0,"affectedRows":0,"insertId":0,"serverStatus":2,"warningCount":0,"message":"","protocol41":true,"changedRows":0}
info: Mar-08-2022 15:48:25: 	------------------------------------------------------------------
info: Mar-08-2022 15:48:26: 	------------------------------------------------------------------
info: Mar-08-2022 15:48:26: 	create table decision_minds_demo.temp1(visited_at DATETIME)
info: Mar-08-2022 15:48:26: 	{"fieldCount":0,"affectedRows":0,"insertId":0,"serverStatus":2,"warningCount":0,"message":"","protocol41":true,"changedRows":0}
info: Mar-08-2022 15:48:26: 	------------------------------------------------------------------
info: Mar-08-2022 15:49:26: 	------------------------------------------------------------------
info: Mar-08-2022 15:49:26: 	drop table kaar.temp1
info: Mar-08-2022 15:49:26: 	{"fieldCount":0,"affectedRows":0,"insertId":0,"serverStatus":2,"warningCount":0,"message":"","protocol41":true,"changedRows":0}
info: Mar-08-2022 15:49:26: 	------------------------------------------------------------------
info: Mar-08-2022 15:49:27: 	------------------------------------------------------------------
info: Mar-08-2022 15:49:27: 	drop table ktglobal.temp1
info: Mar-08-2022 15:49:27: 	{"fieldCount":0,"affectedRows":0,"insertId":0,"serverStatus":2,"warningCount":0,"message":"","protocol41":true,"changedRows":0}
info: Mar-08-2022 15:49:27: 	------------------------------------------------------------------
info: Mar-08-2022 15:49:27: 	------------------------------------------------------------------
info: Mar-08-2022 15:49:27: 	drop table congruent_qual.temp1
info: Mar-08-2022 15:49:27: 	{"fieldCount":0,"affectedRows":0,"insertId":0,"serverStatus":2,"warningCount":0,"message":"","protocol41":true,"changedRows":0}
info: Mar-08-2022 15:49:27: 	------------------------------------------------------------------
info: Mar-08-2022 15:49:28: 	------------------------------------------------------------------
info: Mar-08-2022 15:49:28: 	drop table congruent.temp1
info: Mar-08-2022 15:49:28: 	{"fieldCount":0,"affectedRows":0,"insertId":0,"serverStatus":2,"warningCount":0,"message":"","protocol41":true,"changedRows":0}
info: Mar-08-2022 15:49:28: 	------------------------------------------------------------------
info: Mar-08-2022 15:49:29: 	------------------------------------------------------------------
info: Mar-08-2022 15:49:29: 	drop table congruentqual_preprd.temp1
info: Mar-08-2022 15:49:29: 	{"fieldCount":0,"affectedRows":0,"insertId":0,"serverStatus":2,"warningCount":0,"message":"","protocol41":true,"changedRows":0}
info: Mar-08-2022 15:49:29: 	------------------------------------------------------------------
info: Mar-08-2022 15:49:29: 	------------------------------------------------------------------
info: Mar-08-2022 15:49:29: 	drop table decision_minds_demo.temp1
info: Mar-08-2022 15:49:29: 	{"fieldCount":0,"affectedRows":0,"insertId":0,"serverStatus":2,"warningCount":0,"message":"","protocol41":true,"changedRows":0}
info: Mar-08-2022 15:49:29: 	------------------------------------------------------------------
info: Mar-08-2022 15:59:48: 	------------------------------------------------------------------
info: Mar-08-2022 15:59:48: 	create table kaar.temp1(visited_at DATETIME)
info: Mar-08-2022 15:59:48: 	{"fieldCount":0,"affectedRows":0,"insertId":0,"serverStatus":2,"warningCount":0,"message":"","protocol41":true,"changedRows":0}
info: Mar-08-2022 15:59:48: 	------------------------------------------------------------------
info: Mar-08-2022 15:59:49: 	------------------------------------------------------------------
info: Mar-08-2022 15:59:49: 	create table congruent.temp1(visited_at DATETIME)
info: Mar-08-2022 15:59:49: 	{"fieldCount":0,"affectedRows":0,"insertId":0,"serverStatus":2,"warningCount":0,"message":"","protocol41":true,"changedRows":0}
info: Mar-08-2022 15:59:49: 	------------------------------------------------------------------
info: Mar-08-2022 16:00:07: 	------------------------------------------------------------------
info: Mar-08-2022 16:00:07: 	drop table kaar.temp1
info: Mar-08-2022 16:00:07: 	{"fieldCount":0,"affectedRows":0,"insertId":0,"serverStatus":2,"warningCount":0,"message":"","protocol41":true,"changedRows":0}
info: Mar-08-2022 16:00:07: 	------------------------------------------------------------------
info: Mar-08-2022 16:00:08: 	------------------------------------------------------------------
info: Mar-08-2022 16:00:08: 	drop table congruent.temp1
info: Mar-08-2022 16:00:08: 	{"fieldCount":0,"affectedRows":0,"insertId":0,"serverStatus":2,"warningCount":0,"message":"","protocol41":true,"changedRows":0}
info: Mar-08-2022 16:00:08: 	------------------------------------------------------------------
